<?xml version="1.0" encoding="UTF-8"?>
<robot generator="Robot 4.1.1 (Python 3.11.4 on win32)" generated="20230624 21:39:59.239" rpa="false" schemaversion="2">
<suite id="s1" name="Test" source="C:\Users\Admin\Desktop\test_setup\test.robot">
<test id="s1-t1" name="Get title test case">
<kw name="Open Browser" library="SeleniumLibrary">
<arg>https://www.python.org/</arg>
<arg>chrome</arg>
<doc>Opens a new browser instance to the optional ``url``.</doc>
<msg timestamp="20230624 21:39:59.675" level="INFO">Opening browser 'chrome' to base url 'https://www.python.org/'.</msg>
<status status="PASS" starttime="20230624 21:39:59.675" endtime="20230624 21:40:02.906"/>
</kw>
<kw name="Get Title" library="SeleniumLibrary">
<var>${title}</var>
<doc>Returns the title of the current page.</doc>
<msg timestamp="20230624 21:40:02.922" level="INFO">${title} = Welcome to Python.org</msg>
<status status="PASS" starttime="20230624 21:40:02.909" endtime="20230624 21:40:02.922"/>
</kw>
<tag>title</tag>
<status status="PASS" starttime="20230624 21:39:59.673" endtime="20230624 21:40:02.924"/>
</test>
<test id="s1-t2" name="Get location test case">
<kw name="Open Browser" library="SeleniumLibrary">
<arg>https://www.python.org/</arg>
<arg>chrome</arg>
<doc>Opens a new browser instance to the optional ``url``.</doc>
<msg timestamp="20230624 21:40:02.931" level="INFO">Opening browser 'chrome' to base url 'https://www.python.org/'.</msg>
<status status="PASS" starttime="20230624 21:40:02.930" endtime="20230624 21:40:06.450"/>
</kw>
<kw name="Set Window Size" library="SeleniumLibrary">
<arg>500</arg>
<arg>800</arg>
<doc>Sets current windows size to given ``width`` and ``height``.</doc>
<status status="PASS" starttime="20230624 21:40:06.453" endtime="20230624 21:40:06.626"/>
</kw>
<kw name="Get Location" library="SeleniumLibrary">
<var>${title}</var>
<doc>Returns the current browser window URL.</doc>
<msg timestamp="20230624 21:40:06.650" level="INFO">${title} = https://www.python.org/</msg>
<status status="PASS" starttime="20230624 21:40:06.631" endtime="20230624 21:40:06.650"/>
</kw>
<tag>location</tag>
<status status="PASS" starttime="20230624 21:40:02.927" endtime="20230624 21:40:06.651"/>
</test>
<status status="PASS" starttime="20230624 21:39:59.241" endtime="20230624 21:40:06.654"/>
</suite>
<statistics>
<total>
<stat pass="2" fail="0" skip="0">All Tests</stat>
</total>
<tag>
<stat pass="1" fail="0" skip="0">location</stat>
<stat pass="1" fail="0" skip="0">title</stat>
</tag>
<suite>
<stat pass="2" fail="0" skip="0" id="s1" name="Test">Test</stat>
</suite>
</statistics>
<errors>
</errors>
</robot>
